2020-11-29T01:30:32.404Z [desafio-final] info: GET /transaction
2020-11-29T01:31:02.008Z [desafio-final] info: GET /transaction
2020-11-29T01:31:47.236Z [desafio-final] info: GET /transaction
2020-11-29T01:32:57.973Z [desafio-final] info: GET /transaction
2020-11-29T01:33:25.602Z [desafio-final] info: GET /transaction
2020-11-29T01:33:44.031Z [desafio-final] info: GET /transaction
2020-11-29T01:35:01.771Z [desafio-final] info: GET /transaction
2020-11-29T01:35:11.973Z [desafio-final] info: GET /transaction
2020-11-29T01:36:31.356Z [desafio-final] info: GET /transaction
2020-11-29T01:39:43.785Z [desafio-final] error: DELETE /transaction - "Registro não encontrado"
2020-11-29T01:39:55.487Z [desafio-final] info: DELETE /transaction
2020-11-29T02:12:11.875Z [desafio-final] info: GET /transaction
2020-11-29T02:20:08.521Z [desafio-final] info: POST /transaction - {
  "_id": "5fc305574cb6f2184038a2eb",
  "description": "11",
  "value": 11,
  "category": "11",
  "year": 2018,
  "month": 11,
  "day": 17,
  "yearMonth": "2018-11",
  "yearMonthDay": "2018-11-17",
  "type": "-",
  "lastModified": "2020-11-29T02:20:07.975Z",
  "__v": 0
}
2020-11-29T02:21:21.574Z [desafio-final] info: GET /transaction
2020-11-29T02:21:25.426Z [desafio-final] info: PATCH /transaction - 5fc305574cb6f2184038a2eb - {"_id":"5fc305574cb6f2184038a2eb","description":"11","value":11,"category":"11","year":2018,"month":11,"day":17,"yearMonth":"2018-11","yearMonthDay":"2018-11-17","type":"+","lastModified":"2020-11-29T02:20:07.975Z","__v":0}
2020-11-29T02:21:42.275Z [desafio-final] info: POST /transaction - {
  "_id": "5fc305b64cb6f2184038a2ec",
  "description": "asdasd",
  "value": 1123,
  "category": "asdasd",
  "year": 2018,
  "month": 11,
  "day": 10,
  "yearMonth": "2018-11",
  "yearMonthDay": "2018-11-10",
  "type": "-",
  "lastModified": "2020-11-29T02:21:42.195Z",
  "__v": 0
}
2020-11-29T02:21:48.396Z [desafio-final] info: PATCH /transaction - 5fc305b64cb6f2184038a2ec - {"_id":"5fc305b64cb6f2184038a2ec","description":"asdasd","value":1123,"category":"asdasd","year":2018,"month":11,"day":10,"yearMonth":"2018-11","yearMonthDay":"2018-11-10","type":"+","lastModified":"2020-11-29T02:21:42.195Z","__v":0}
2020-11-29T02:21:54.182Z [desafio-final] info: GET /transaction
2020-11-29T02:22:05.424Z [desafio-final] info: POST /transaction - {
  "_id": "5fc305cd4cb6f2184038a2ed",
  "description": "afafaf",
  "value": 12,
  "category": "afafaf",
  "year": 2018,
  "month": 11,
  "day": 9,
  "yearMonth": "2018-11",
  "yearMonthDay": "2018-11-09",
  "type": "-",
  "lastModified": "2020-11-29T02:22:05.361Z",
  "__v": 0
}
2020-11-29T02:22:42.202Z [desafio-final] info: POST /transaction - {
  "_id": "5fc305f24cb6f2184038a2ee",
  "description": "afagag",
  "value": 1515,
  "category": "fagag",
  "year": 2018,
  "month": 11,
  "day": 17,
  "yearMonth": "2018-11",
  "yearMonthDay": "2018-11-17",
  "type": "-",
  "lastModified": "2020-11-29T02:22:42.139Z",
  "__v": 0
}
2020-11-29T02:22:44.456Z [desafio-final] info: GET /transaction
2020-11-29T02:22:48.006Z [desafio-final] info: DELETE /transaction - 5fc305f24cb6f2184038a2ee
2020-11-29T02:23:04.656Z [desafio-final] info: GET /transaction
2020-11-29T02:23:06.746Z [desafio-final] info: DELETE /transaction - 5fc305574cb6f2184038a2eb
2020-11-29T02:23:07.468Z [desafio-final] info: DELETE /transaction - 5fc305b64cb6f2184038a2ec
2020-11-29T02:23:08.230Z [desafio-final] info: DELETE /transaction - 5fc305cd4cb6f2184038a2ed
2020-11-29T02:23:11.768Z [desafio-final] info: GET /transaction
2020-11-29T02:23:13.030Z [desafio-final] info: GET /transaction
2020-11-29T02:23:26.394Z [desafio-final] info: POST /transaction - {
  "_id": "5fc3061e4cb6f2184038a2ef",
  "description": "gagagag",
  "value": 151515,
  "category": "gagagaga",
  "year": 2018,
  "month": 11,
  "day": 4,
  "yearMonth": "2018-11",
  "yearMonthDay": "2018-11-04",
  "type": "-",
  "lastModified": "2020-11-29T02:23:26.330Z",
  "__v": 0
}
2020-11-29T02:23:29.384Z [desafio-final] info: GET /transaction
2020-11-29T02:23:30.409Z [desafio-final] info: GET /transaction
2020-11-29T02:23:37.739Z [desafio-final] info: GET /transaction
2020-11-29T02:23:50.979Z [desafio-final] info: POST /transaction - {
  "_id": "5fc306364cb6f2184038a2f0",
  "description": "ahahahah",
  "value": 1111,
  "category": "ahahahaha",
  "year": 2018,
  "month": 11,
  "day": 4,
  "yearMonth": "2018-11",
  "yearMonthDay": "2018-11-04",
  "type": "-",
  "lastModified": "2020-11-29T02:23:50.906Z",
  "__v": 0
}
2020-11-29T02:23:54.047Z [desafio-final] info: GET /transaction
2020-11-29T02:23:56.736Z [desafio-final] info: DELETE /transaction - 5fc3061e4cb6f2184038a2ef
2020-11-29T02:26:06.234Z [desafio-final] info: DELETE /transaction - 5fc306364cb6f2184038a2f0
2020-11-29T02:27:47.940Z [desafio-final] info: POST /transaction - {
  "_id": "5fc307234cb6f2184038a2f1",
  "description": "ahahahah",
  "value": 151515,
  "category": "ahahahah",
  "year": 2018,
  "month": 11,
  "day": 11,
  "yearMonth": "2018-11",
  "yearMonthDay": "2018-11-11",
  "type": "-",
  "lastModified": "2020-11-29T02:27:47.876Z",
  "__v": 0
}
